\BOOKMARK [0][-]{chapter.1}{\376\377\000V\000o\000c\000a\000b\000u\000l\000a\000r\000y}{}% 1
\BOOKMARK [0][-]{chapter.2}{\376\377\000Q\000u\000e\000s\000t\000i\000o\000n\000s\000?\000\040\000Y\000e\000s}{}% 2
\BOOKMARK [0][-]{chapter.3}{\376\377\000N\000e\000u\000r\000o\000s\000c\000i\000e\000n\000c\000e}{}% 3
\BOOKMARK [1][-]{section.3.1}{\376\377\000B\000i\000o\000l\000o\000g\000y}{chapter.3}% 4
\BOOKMARK [2][-]{subsection.3.1.1}{\376\377\000T\000e\000r\000m\000s\000\040\000\046\000\040\000C\000o\000n\000c\000e\000p\000t\000s}{section.3.1}% 5
\BOOKMARK [2][-]{subsection.3.1.2}{\376\377\000T\000e\000c\000h\000n\000i\000q\000u\000e\000s}{section.3.1}% 6
\BOOKMARK [2][-]{subsection.3.1.3}{\376\377\000R\000e\000c\000e\000p\000t\000o\000r\000s\000\040\000a\000n\000d\000\040\000l\000i\000g\000a\000n\000d\000s}{section.3.1}% 7
\BOOKMARK [2][-]{subsection.3.1.4}{\376\377\000N\000e\000u\000r\000o\000d\000e\000v\000e\000l\000o\000p\000m\000e\000n\000t}{section.3.1}% 8
\BOOKMARK [2][-]{subsection.3.1.5}{\376\377\000R\000e\000f\000s\000\040\000\046\000\040\000N\000o\000t\000e\000s}{section.3.1}% 9
\BOOKMARK [1][-]{section.3.2}{\376\377\000V\000i\000s\000u\000a\000l\000\040\000C\000o\000r\000t\000e\000x}{chapter.3}% 10
\BOOKMARK [2][-]{subsection.3.2.1}{\376\377\000F\000S\000\040\000i\000n\000\040\000V\000i\000s\000u\000a\000l\000\040\000C\000o\000r\000t\000e\000x}{section.3.2}% 11
\BOOKMARK [1][-]{section.3.3}{\376\377\000M\000e\000m\000o\000r\000y}{chapter.3}% 12
\BOOKMARK [2][-]{subsection.3.3.1}{\376\377\000T\000i\000m\000e\000\040\000S\000c\000a\000l\000e\000\040\000i\000n\000\040\000M\000e\000m\000o\000r\000y}{section.3.3}% 13
\BOOKMARK [1][-]{section.3.4}{\376\377\000A\000l\000z\000h\000e\000i\000m\000e\000r\040\031\000s\000\040\000D\000i\000s\000e\000a\000s\000e}{chapter.3}% 14
\BOOKMARK [2][-]{subsection.3.4.1}{\376\377\000P\000a\000t\000h\000o\000l\000o\000g\000y}{section.3.4}% 15
\BOOKMARK [2][-]{subsection.3.4.2}{\376\377\000N\000e\000t\000w\000o\000r\000k\000\040\000D\000y\000s\000f\000u\000n\000c\000t\000i\000o\000n}{section.3.4}% 16
\BOOKMARK [1][-]{section.3.5}{\376\377\000F\000u\000n\000c\000t\000i\000o\000n\000a\000l\000\040\000C\000o\000n\000n\000e\000c\000t\000i\000v\000i\000t\000y}{chapter.3}% 17
\BOOKMARK [2][-]{subsection.3.5.1}{\376\377\000R\000e\000f\000e\000r\000e\000n\000c\000e\000s}{section.3.5}% 18
\BOOKMARK [1][-]{section.3.6}{\376\377\000S\000o\000l\000i\000t\000a\000r\000y\000\040\000W\000a\000v\000e\000s}{chapter.3}% 19
\BOOKMARK [2][-]{subsection.3.6.1}{\376\377\000S\000o\000l\000i\000t\000a\000r\000y\000\040\000W\000a\000v\000e\000s}{section.3.6}% 20
\BOOKMARK [1][-]{section.3.7}{\376\377\000S\000i\000g\000n\000a\000l\000\040\000D\000e\000c\000o\000m\000p\000o\000s\000i\000t\000i\000o\000n}{chapter.3}% 21
\BOOKMARK [2][-]{subsection.3.7.1}{\376\377\000M\000e\000a\000s\000u\000r\000e\000m\000e\000n\000t}{section.3.7}% 22
\BOOKMARK [2][-]{subsection.3.7.2}{\376\377\000S\000t\000i\000m\000u\000l\000a\000t\000i\000o\000n}{section.3.7}% 23
\BOOKMARK [2][-]{subsection.3.7.3}{\376\377\000T\000h\000e\000a\000r\000e\000t\000i\000c\000a\000l\000\040\000I\000n\000v\000e\000s\000t\000i\000g\000a\000t\000i\000o\000n}{section.3.7}% 24
\BOOKMARK [1][-]{section.3.8}{\376\377\000D\000i\000s\000p\000e\000r\000s\000i\000o\000n\000\040\000R\000e\000l\000a\000t\000i\000o\000n}{chapter.3}% 25
\BOOKMARK [2][-]{subsection.3.8.1}{\376\377\000R\000e\000f\000e\000n\000c\000e\000s\000\040\000a\000n\000d\000\040\000N\000o\000t\000e\000s}{section.3.8}% 26
\BOOKMARK [1][-]{section.3.9}{\376\377\000M\000I\000S\000C}{chapter.3}% 27
\BOOKMARK [2][-]{subsection.3.9.1}{\376\377\000C\000o\000m\000p\000e\000t\000i\000t\000i\000o\000n\000\040\000b\000e\000t\000w\000e\000n\000\040\000S\000u\000b\000n\000e\000t\000w\000o\000r\000k\000s}{section.3.9}% 28
\BOOKMARK [2][-]{subsection.3.9.2}{\376\377\000R\000S\000N\000\040\000\050\000R\000e\000s\000t\000i\000n\000g\000\040\000S\000t\000a\000t\000e\000\040\000N\000e\000t\000w\000o\000r\000k\000s\000\051}{section.3.9}% 29
\BOOKMARK [2][-]{subsection.3.9.3}{\376\377\000W\000h\000o\000l\000e\000-\000B\000r\000a\000i\000n\000\040\000C\000o\000m\000p\000u\000t\000a\000t\000i\000o\000n\000a\000l\000\040\000C\000o\000n\000n\000e\000c\000t\000o\000m\000i\000c\000s}{section.3.9}% 30
\BOOKMARK [0][-]{chapter.4}{\376\377\000E\000q\000u\000a\000t\000i\000o\000n\000\040\000S\000o\000l\000v\000i\000n\000g\000\040\000i\000n\000\040\000N\000e\000u\000r\000o\000s\000c\000i\000e\000n\000c\000e}{}% 31
\BOOKMARK [1][-]{section.4.1}{\376\377\000G\000r\000e\000e\000n\040\031\000s\000\040\000F\000u\000n\000c\000t\000i\000o\000n\000\040\000M\000e\000t\000h\000o\000d}{chapter.4}% 32
\BOOKMARK [2][-]{subsection.4.1.1}{\376\377\000G\000r\000e\000e\000n\040\031\000s\000\040\000F\000u\000n\000c\000t\000i\000o\000n\000\040\000M\000e\000t\000h\000o\000d}{section.4.1}% 33
\BOOKMARK [1][-]{section.4.2}{\376\377\000F\000o\000u\000r\000i\000e\000r\000\040\000T\000r\000a\000n\000f\000o\000r\000m}{chapter.4}% 34
\BOOKMARK [2][-]{subsection.4.2.1}{\376\377\000F\000o\000u\000r\000i\000e\000r\000\040\000S\000e\000r\000i\000o\000u\000s\000\040\000a\000n\000d\000\040\000C\000o\000n\000t\000i\000n\000u\000o\000u\000s\000\040\000F\000o\000u\000r\000i\000e\000r\000\040\000T\000r\000a\000n\000s\000f\000o\000r\000m}{section.4.2}% 35
\BOOKMARK [2][-]{subsection.4.2.2}{\376\377\000A\000p\000p\000l\000i\000c\000a\000t\000i\000o\000n\000\040\000i\000n\000\040\000E\000q\000u\000a\000t\000i\000o\000n\000\040\000S\000o\000l\000v\000i\000n\000g}{section.4.2}% 36
\BOOKMARK [2][-]{subsection.4.2.3}{\376\377\000A\000p\000p\000l\000i\000c\000a\000t\000i\000o\000n\000\040\000t\000o\000\040\000N\000e\000u\000r\000o\000s\000c\000i\000e\000n\000c\000e}{section.4.2}% 37
\BOOKMARK [1][-]{section.4.3}{\376\377\000L\000a\000p\000l\000a\000c\000e\000\040\000T\000r\000a\000n\000f\000o\000r\000m}{chapter.4}% 38
\BOOKMARK [2][-]{subsection.4.3.1}{\376\377\000L\000a\000p\000l\000a\000c\000e\000\040\000T\000r\000a\000n\000s\000f\000o\000r\000m}{section.4.3}% 39
\BOOKMARK [2][-]{subsection.4.3.2}{\376\377\000A\000p\000p\000l\000i\000c\000a\000t\000i\000o\000n\000\040\000t\000o\000\040\000N\000e\000u\000r\000o\000s\000c\000i\000e\000n\000c\000e}{section.4.3}% 40
\BOOKMARK [0][-]{chapter.5}{\376\377\000R\000a\000n\000d\000o\000m\000\040\000W\000a\000l\000k\000s}{}% 41
\BOOKMARK [1][-]{section.5.1}{\376\377\000R\000a\000n\000d\000o\000m\000\040\000W\000a\000l\000k\000s}{chapter.5}% 42
\BOOKMARK [2][-]{subsection.5.1.1}{\376\377\000F\000i\000x\000e\000d\000\040\000S\000t\000e\000p\000s\000i\000z\000e}{section.5.1}% 43
\BOOKMARK [2][-]{subsection.5.1.2}{\376\377\000S\000i\000g\000n\000i\000f\000i\000c\000a\000n\000c\000e\000\040\000o\000f\000\040\000D\000i\000m\000e\000n\000s\000i\000o\000n}{section.5.1}% 44
\BOOKMARK [2][-]{subsection.5.1.3}{\376\377\000R\000e\000f\000s\000\040\000\046\000\040\000N\000o\000t\000e\000s}{section.5.1}% 45
\BOOKMARK [0][-]{chapter.6}{\376\377\000M\000a\000c\000h\000i\000n\000e\000\040\000I\000n\000t\000e\000l\000l\000i\000g\000e\000n\000c\000e}{}% 46
\BOOKMARK [1][-]{section.6.1}{\376\377\000A\000r\000t\000i\000f\000i\000c\000i\000a\000l\000\040\000N\000e\000u\000r\000a\000l\000\040\000N\000e\000t\000w\000o\000r\000k}{chapter.6}% 47
\BOOKMARK [2][-]{subsection.6.1.1}{\376\377\000B\000a\000s\000i\000c\000s}{section.6.1}% 48
\BOOKMARK [2][-]{subsection.6.1.2}{\376\377\000S\000o\000l\000v\000i\000n\000g\000\040\000D\000i\000f\000f\000e\000r\000e\000n\000t\000i\000a\000l\000\040\000E\000q\000u\000a\000t\000i\000o\000n\000s}{section.6.1}% 49
\BOOKMARK [1][-]{section.6.2}{\376\377\000N\000e\000u\000r\000a\000l\000\040\000N\000e\000t\000w\000o\000r\000k\000s\000\040\000a\000n\000d\000\040\000F\000i\000n\000i\000t\000e\000\040\000E\000l\000e\000m\000e\000n\000t\000\040\000M\000e\000t\000h\000o\000d}{chapter.6}% 50
\BOOKMARK [1][-]{section.6.3}{\376\377\000B\000o\000l\000t\000z\000m\000a\000n\000n\000\040\000M\000a\000c\000h\000i\000n\000e}{chapter.6}% 51
\BOOKMARK [2][-]{subsection.6.3.1}{\376\377\000B\000o\000l\000t\000z\000m\000a\000n\000n\000\040\000M\000a\000c\000h\000i\000n\000e\000\040\000a\000n\000d\000\040\000P\000h\000y\000s\000i\000c\000s}{section.6.3}% 52
\BOOKMARK [2][-]{subsection.6.3.2}{\376\377\000A\000p\000p\000l\000i\000c\000a\000t\000i\000o\000n\000\040\000o\000f\000\040\000B\000o\000l\000t\000z\000m\000a\000n\000n\000\040\000i\000n\000\040\000L\000e\000a\000r\000n\000i\000n\000g}{section.6.3}% 53
\BOOKMARK [2][-]{subsection.6.3.3}{\376\377\000M\000i\000n\000i\000m\000i\000z\000i\000n\000g\000\040\000E\000n\000e\000r\000g\000y\000\040\000o\000f\000\040\000I\000s\000i\000n\000g\000\040\000M\000o\000d\000e\000l\000\040\000i\000s\000\040\000H\000e\000b\000b\000i\000a\000n\000\040\000L\000e\000a\000r\000n\000i\000n\000g}{section.6.3}% 54
\BOOKMARK [0][-]{chapter.7}{\376\377\000C\000o\000l\000l\000e\000c\000t\000i\000v\000e\000\040\000I\000n\000t\000e\000l\000l\000i\000g\000e\000n\000c\000e}{}% 55
\BOOKMARK [1][-]{section.7.1}{\376\377\000C\000o\000l\000l\000e\000c\000t\000i\000v\000e\000\040\000i\000n\000t\000e\000l\000l\000i\000g\000e\000n\000c\000e\000\040\000R\000e\000f\000e\000r\000e\000n\000c\000e\000s}{chapter.7}% 56
\BOOKMARK [0][-]{chapter.8}{\376\377\000S\000o\000m\000e\000\040\000T\000o\000p\000i\000c\000s}{}% 57
\BOOKMARK [1][-]{section.8.1}{\376\377\000M\000e\000a\000n\000-\000f\000i\000e\000l\000d\000\040\000M\000e\000t\000h\000o\000d}{chapter.8}% 58
\BOOKMARK [2][-]{subsection.8.1.1}{\376\377\000P\000a\000r\000a\000m\000a\000g\000n\000e\000t\000i\000c\000\040\000M\000a\000t\000e\000r\000i\000a\000l}{section.8.1}% 59
\BOOKMARK [2][-]{subsection.8.1.2}{\376\377\000N\000e\000u\000r\000o\000s\000c\000i\000e\000n\000c\000e}{section.8.1}% 60
\BOOKMARK [2][-]{subsection.8.1.3}{\376\377\000R\000e\000f\000e\000r\000e\000n\000c\000e\000s\000\040\000a\000n\000d\000\040\000N\000o\000t\000e\000s}{section.8.1}% 61
\BOOKMARK [1][-]{section.8.2}{\376\377\000S\000p\000i\000n\000\040\000G\000l\000a\000s\000s}{chapter.8}% 62
\BOOKMARK [1][-]{section.8.3}{\376\377\000B\000i\000n\000a\000r\000y\000\040\000H\000u\000m\000a\000n\000\040\000M\000o\000d\000e\000l}{chapter.8}% 63
\BOOKMARK [2][-]{subsection.8.3.1}{\376\377\000A\000\040\000S\000i\000m\000p\000l\000i\000f\000i\000e\000d\000\040\000M\000o\000d\000e\000l}{section.8.3}% 64
\BOOKMARK [1][-]{section.8.4}{\376\377\000F\000a\000c\000t\000o\000r\000\040\000G\000r\000a\000p\000h}{chapter.8}% 65
\BOOKMARK [2][-]{subsection.8.4.1}{\376\377\000R\000e\000f\000e\000r\000e\000n\000c\000e\000s\000\040\000a\000n\000d\000\040\000N\000o\000t\000e\000s}{section.8.4}% 66
\BOOKMARK [0][-]{chapter.9}{\376\377\000S\000o\000m\000e\000\040\000R\000a\000n\000d\000o\000m\000\040\000T\000h\000o\000u\000g\000h\000t\000s}{}% 67
\BOOKMARK [1][-]{section.9.1}{\376\377\000P\000a\000n\000-\000I\000n\000t\000e\000l\000l\000i\000g\000e\000n\000c\000e}{chapter.9}% 68
\BOOKMARK [1][-]{section.9.2}{\376\377\000W\000h\000y\000\040\000C\000a\000n\000\040\000W\000e\000\040\000U\000n\000d\000e\000r\000s\000t\000a\000n\000d\000\040\000t\000h\000e\000\040\000U\000n\000i\000v\000e\000r\000s\000e\000?}{chapter.9}% 69
\BOOKMARK [0][-]{chapter.10}{\376\377\000R\000e\000f\000e\000r\000e\000n\000c\000e\000s}{}% 70
\BOOKMARK [0][-]{chapter.11}{\376\377\000A\000c\000k\000n\000o\000w\000l\000e\000d\000g\000e\000m\000e\000n\000t}{}% 71
\BOOKMARK [0][-]{chapter*.62}{\376\377\000B\000i\000b\000l\000i\000o\000g\000r\000a\000p\000h\000y}{}% 72
